<?xml version="1.0" encoding="UTF-8"?>
<!-- Generated by org.testng.reporters.JUnitReportReporter -->
<testsuite hostname="NIKHIL" failures="0" tests="1" name="Tests.UserLoginTests" time="38.860" errors="0" timestamp="2022-09-08T16:09:38 IST" skipped="0">
  <testcase classname="Tests.UserLoginTests" name="ManagerLoginTest" time="38.860"/>
  <system-out/>
</testsuite> <!-- Tests.UserLoginTests -->
