<?xml version="1.0" encoding="UTF-8"?>
<!-- Generated by org.testng.reporters.JUnitReportReporter -->
<testsuite hostname="NIKHIL" failures="0" tests="1" name="com.wellnessy.tests.LoginPageTest" time="27.872" errors="0" timestamp="2022-09-12T15:54:34 IST" skipped="0">
  <testcase classname="com.wellnessy.tests.LoginPageTest" name="clickonCreateaccountLink" time="27.872"/>
  <system-out/>
</testsuite> <!-- com.wellnessy.tests.LoginPageTest -->
